#
# There is insufficient memory for the Java Runtime Environment to continue.
# Native memory allocation (malloc) failed to allocate 1792 bytes for AllocateHeap
# Possible reasons:
#   The system is out of physical RAM or swap space
#   The process is running with CompressedOops enabled, and the Java Heap may be blocking the growth of the native heap
# Possible solutions:
#   Reduce memory load on the system
#   Increase physical memory or swap space
#   Check if swap backing store is full
#   Decrease Java heap size (-Xmx/-Xms)
#   Decrease number of Java threads
#   Decrease Java thread stack sizes (-Xss)
#   Set larger code cache with -XX:ReservedCodeCacheSize=
#   JVM is running with Unscaled Compressed Oops mode in which the Java heap is
#     placed in the first 4GB address space. The Java Heap base address is the
#     maximum limit for the native heap growth. Please use -XX:HeapBaseMinAddress
#     to set the Java Heap base and to place the Java Heap above 4GB virtual address.
# This output file may be truncated or incomplete.
#
#  Out of Memory Error (memory/allocation.inline.hpp:61), pid=18112, tid=0x0000000000005334
#
# JRE version: Java(TM) SE Runtime Environment (8.0_251-b08) (build 1.8.0_251-b08)
# Java VM: Java HotSpot(TM) 64-Bit Server VM (25.251-b08 mixed mode windows-amd64 compressed oops)
# Failed to write core dump. Minidumps are not enabled by default on client versions of Windows
#

---------------  T H R E A D  ---------------

Current thread (0x0000000002aaa800):  GCTaskThread [stack: 0x00000000124a0000,0x00000000125a0000] [id=21300]

Stack: [0x00000000124a0000,0x00000000125a0000]
[error occurred during error reporting (printing stack bounds), id 0xc0000005]

Native frames: (J=compiled Java code, j=interpreted, Vv=VM code, C=native code)

JavaThread 0x0000000002a8e000 (nid = 20556) was being processed
Java frames: (J=compiled Java code, j=interpreted, Vv=VM code)
j  sun.java2d.loops.GraphicsPrimitiveMgr.initIDs(Ljava/lang/Class;Ljava/lang/Class;Ljava/lang/Class;Ljava/lang/Class;Ljava/lang/Class;Ljava/lang/Class;Ljava/lang/Class;Ljava/lang/Class;Ljava/lang/Class;Ljava/lang/Class;Ljava/lang/Class;)V+0
j  sun.java2d.loops.GraphicsPrimitiveMgr.<clinit>()V+26
v  ~StubRoutines::call_stub
j  sun.java2d.loops.Blit.<clinit>()V+36
v  ~StubRoutines::call_stub
j  sun.java2d.windows.GDIWindowSurfaceData.<clinit>()V+66
v  ~StubRoutines::call_stub
j  sun.awt.Win32GraphicsConfig.createSurfaceData(Lsun/awt/windows/WComponentPeer;I)Lsun/java2d/SurfaceData;+1
j  sun.java2d.ScreenUpdateManager.createScreenSurface(Lsun/awt/Win32GraphicsConfig;Lsun/awt/windows/WComponentPeer;IZ)Lsun/java2d/SurfaceData;+3
j  sun.java2d.d3d.D3DScreenUpdateManager.createScreenSurface(Lsun/awt/Win32GraphicsConfig;Lsun/awt/windows/WComponentPeer;IZ)Lsun/java2d/SurfaceData;+20
j  sun.awt.windows.WComponentPeer.createScreenSurface(Z)V+21
j  sun.awt.windows.WComponentPeer.<init>(Ljava/awt/Component;)V+79
j  sun.awt.windows.WCanvasPeer.<init>(Ljava/awt/Component;)V+2
j  sun.awt.windows.WPanelPeer.<init>(Ljava/awt/Component;)V+2
j  sun.awt.windows.WWindowPeer.<init>(Ljava/awt/Window;)V+2
j  sun.awt.windows.WFramePeer.<init>(Ljava/awt/Frame;)V+2
j  sun.awt.windows.WToolkit.createFrame(Ljava/awt/Frame;)Ljava/awt/peer/FramePeer;+5
j  java.awt.Frame.addNotify()V+20
j  java.awt.Window.show()V+8
j  java.awt.Component.show(Z)V+5
j  java.awt.Component.setVisible(Z)V+2
j  java.awt.Window.setVisible(Z)V+2
j  SubMenu.Cadastro_Funcionario.main([Ljava/lang/String;)V+10
v  ~StubRoutines::call_stub

---------------  P R O C E S S  ---------------

Java Threads: ( => current thread )
  0x0000000016e9e000 JavaThread "AWT-EventQueue-0" [_thread_blocked, id=16100, stack(0x00000000183e0000,0x00000000184e0000)]
  0x0000000016e76800 JavaThread "AWT-Windows" daemon [_thread_in_native, id=15480, stack(0x00000000173e0000,0x00000000174e0000)]
  0x0000000016e74000 JavaThread "AWT-Shutdown" [_thread_blocked, id=8760, stack(0x00000000172e0000,0x00000000173e0000)]
  0x0000000016e73000 JavaThread "Java2D Disposer" daemon [_thread_blocked, id=18672, stack(0x00000000171e0000,0x00000000172e0000)]
  0x0000000016ad3800 JavaThread "Service Thread" daemon [_thread_blocked, id=21052, stack(0x0000000016ea0000,0x0000000016fa0000)]
  0x000000001515f000 JavaThread "C1 CompilerThread2" daemon [_thread_blocked, id=21000, stack(0x00000000169a0000,0x0000000016aa0000)]
  0x0000000015156800 JavaThread "C2 CompilerThread1" daemon [_thread_blocked, id=19384, stack(0x00000000168a0000,0x00000000169a0000)]
  0x000000001514f000 JavaThread "C2 CompilerThread0" daemon [_thread_blocked, id=16760, stack(0x00000000167a0000,0x00000000168a0000)]
  0x000000001514d000 JavaThread "Attach Listener" daemon [_thread_blocked, id=924, stack(0x00000000166a0000,0x00000000167a0000)]
  0x0000000015149800 JavaThread "Signal Dispatcher" daemon [_thread_blocked, id=7872, stack(0x00000000165a0000,0x00000000166a0000)]
  0x000000001513a800 JavaThread "Finalizer" daemon [_thread_blocked, id=876, stack(0x00000000163a0000,0x00000000164a0000)]
  0x0000000002b80000 JavaThread "Reference Handler" daemon [_thread_blocked, id=19608, stack(0x00000000162a0000,0x00000000163a0000)]
  0x0000000002a8e000 JavaThread "main" [_thread_blocked, id=20556, stack(0x0000000002950000,0x0000000002a50000)]

Other Threads:
  0x0000000015118000 VMThread [stack: 0x00000000161a0000,0x00000000162a0000] [id=21128]
  0x0000000016ae4800 WatcherThread [stack: 0x0000000016fa0000,0x00000000170a0000] [id=21316]

=>0x0000000002aaa800 (exited) GCTaskThread [stack: 0x00000000124a0000,0x00000000125a0000] [id=21300]

VM state:at safepoint (normal execution)

VM Mutex/Monitor currently owned by a thread:  ([mutex/lock_event])
[0x0000000002a8c440] OopMapCacheAlloc_lock - owner thread: 0x0000000002aaa800
[0x0000000002a8cd10] Threads_lock - owner thread: 0x0000000015118000
[0x0000000002a8d490] Heap_lock - owner thread: 0x0000000002a8e000

heap address: 0x00000000c1e00000, size: 994 MB, Compressed Oops mode: 32-bit
Narrow klass base: 0x0000000000000000, Narrow klass shift: 3
Compressed class space size: 1073741824 Address: 0x0000000100000000

Heap:
 PSYoungGen      total 18944K, used 4261K [0x00000000eb500000, 0x00000000eca00000, 0x0000000100000000)
  eden space 16384K, 26% used [0x00000000eb500000,0x00000000eb9295d0,0x00000000ec500000)
  from space 2560K, 0% used [0x00000000ec780000,0x00000000ec780000,0x00000000eca00000)
  to   space 2560K, 52% used [0x00000000ec500000,0x00000000ec650000,0x00000000ec780000)
 ParOldGen       total 44032K, used 8K [0x00000000c1e00000, 0x00000000c4900000, 0x00000000eb500000)
  object space 44032K, 0% used [0x00000000c1e00000,0x00000000c1e02000,0x00000000c4900000)
 Metaspace       used 8935K, capacity 9130K, committed 9344K, reserved 1062912K
  class space    used 1211K, capacity 1289K, committed 1408K, reserved 1048576K

Card table byte_map: [0x0000000011f50000,0x0000000012150000] byte_map_base: 0x0000000011941000

Marking Bits: (ParMarkBitMap*) 0x000000005cceaf90
 Begin Bits: [0x00000000126a0000, 0x0000000013628000)
 End Bits:   [0x0000000013628000, 0x00000000145b0000)

Polling page: 0x00000000010c0000

CodeCache: size=245760Kb used=1861Kb max_used=1861Kb free=243898Kb
 bounds [0x0000000002b90000, 0x0000000002e00000, 0x0000000011b90000]
 total_blobs=743 nmethods=360 adapters=296
 compilation: enabled

Compilation events (10 events):
Event: 1.055 Thread 0x000000001515f000  356       3       java.lang.Integer::<init> (10 bytes)
Event: 1.055 Thread 0x000000001515f000 nmethod 356 0x0000000002d5ce90 code [0x0000000002d5d000, 0x0000000002d5d210]
Event: 1.055 Thread 0x000000001515f000  357       3       java.lang.Integer::hashCode (8 bytes)
Event: 1.056 Thread 0x000000001515f000 nmethod 357 0x0000000002d5d2d0 code [0x0000000002d5d420, 0x0000000002d5d5d0]
Event: 1.056 Thread 0x000000001515f000  358       3       java.lang.Integer::hashCode (2 bytes)
Event: 1.056 Thread 0x000000001515f000 nmethod 358 0x0000000002d5d690 code [0x0000000002d5d7e0, 0x0000000002d5d910]
Event: 1.065 Thread 0x000000001515f000  359       3       sun.invoke.util.Wrapper::forBasicType (16 bytes)
Event: 1.066 Thread 0x000000001515f000 nmethod 359 0x0000000002d5d990 code [0x0000000002d5db00, 0x0000000002d5dd78]
Event: 1.066 Thread 0x000000001515f000  360       3       java.lang.invoke.MethodType::toMethodDescriptorString (21 bytes)
Event: 1.067 Thread 0x000000001515f000 nmethod 360 0x0000000002d5de50 code [0x0000000002d5e060, 0x0000000002d5eb58]

GC Heap History (1 events):
Event: 1.071 GC heap before
{Heap before GC invocations=1 (full 0):
 PSYoungGen      total 18944K, used 4261K [0x00000000eb500000, 0x00000000eca00000, 0x0000000100000000)
  eden space 16384K, 26% used [0x00000000eb500000,0x00000000eb9295d0,0x00000000ec500000)
  from space 2560K, 0% used [0x00000000ec780000,0x00000000ec780000,0x00000000eca00000)
  to   space 2560K, 0% used [0x00000000ec500000,0x00000000ec500000,0x00000000ec780000)
 ParOldGen       total 44032K, used 0K [0x00000000c1e00000, 0x00000000c4900000, 0x00000000eb500000)
  object space 44032K, 0% used [0x00000000c1e00000,0x00000000c1e00000,0x00000000c4900000)
 Metaspace       used 8935K, capacity 9130K, committed 9344K, reserved 1062912K
  class space    used 1211K, capacity 1289K, committed 1408K, reserved 1048576K

Deoptimization events (1 events):
Event: 0.790 Thread 0x0000000002a8e000 Uncommon trap: reason=null_check action=make_not_entrant pc=0x0000000002d03014 method=java.lang.String.equals(Ljava/lang/Object;)Z @ 8

Classes redefined (0 events):
No events

Internal exceptions (10 events):
Event: 0.064 Thread 0x0000000002a8e000 Exception <a 'java/lang/NoSuchMethodError': Method sun.misc.Unsafe.prefetchRead(Ljava/lang/Object;J)V name or signature does not match> (0x00000000eb507fa8) thrown at [C:\jenkins\workspace\8-2-build-windows-amd64-cygwin\jdk8u251\737\hotspot\src\share\vm\p
Event: 0.529 Thread 0x0000000002a8e000 Exception <a 'java/security/PrivilegedActionException'> (0x00000000eb586c00) thrown at [C:\jenkins\workspace\8-2-build-windows-amd64-cygwin\jdk8u251\737\hotspot\src\share\vm\prims\jvm.cpp, line 1502]
Event: 0.529 Thread 0x0000000002a8e000 Exception <a 'java/security/PrivilegedActionException'> (0x00000000eb586e10) thrown at [C:\jenkins\workspace\8-2-build-windows-amd64-cygwin\jdk8u251\737\hotspot\src\share\vm\prims\jvm.cpp, line 1502]
Event: 0.531 Thread 0x0000000002a8e000 Exception <a 'java/security/PrivilegedActionException'> (0x00000000eb58aa80) thrown at [C:\jenkins\workspace\8-2-build-windows-amd64-cygwin\jdk8u251\737\hotspot\src\share\vm\prims\jvm.cpp, line 1502]
Event: 0.531 Thread 0x0000000002a8e000 Exception <a 'java/security/PrivilegedActionException'> (0x00000000eb58ac90) thrown at [C:\jenkins\workspace\8-2-build-windows-amd64-cygwin\jdk8u251\737\hotspot\src\share\vm\prims\jvm.cpp, line 1502]
Event: 0.549 Thread 0x0000000002a8e000 Exception <a 'java/io/FileNotFoundException'> (0x00000000eb58ce70) thrown at [C:\jenkins\workspace\8-2-build-windows-amd64-cygwin\jdk8u251\737\hotspot\src\share\vm\prims\jni.cpp, line 710]
Event: 0.624 Thread 0x0000000002a8e000 Exception <a 'java/lang/NoSuchFieldError': method resolution failed> (0x00000000eb6b0550) thrown at [C:\jenkins\workspace\8-2-build-windows-amd64-cygwin\jdk8u251\737\hotspot\src\share\vm\prims\methodHandles.cpp, line 1167]
Event: 0.629 Thread 0x0000000002a8e000 Exception <a 'java/lang/NoSuchFieldError': method resolution failed> (0x00000000eb6bd920) thrown at [C:\jenkins\workspace\8-2-build-windows-amd64-cygwin\jdk8u251\737\hotspot\src\share\vm\prims\methodHandles.cpp, line 1167]
Event: 0.719 Thread 0x0000000002a8e000 Exception <a 'java/io/FileNotFoundException'> (0x00000000eb757208) thrown at [C:\jenkins\workspace\8-2-build-windows-amd64-cygwin\jdk8u251\737\hotspot\src\share\vm\prims\jni.cpp, line 710]
Event: 0.790 Thread 0x0000000002a8e000 Implicit null exception at 0x0000000002d02e5b to 0x0000000002d03005

Events (10 events):
Event: 1.070 loading class sun/java2d/loops/MaskFill
Event: 1.070 loading class sun/java2d/loops/MaskFill done
Event: 1.070 loading class sun/java2d/loops/DrawGlyphList
Event: 1.070 loading class sun/java2d/loops/DrawGlyphList done
Event: 1.070 loading class sun/java2d/loops/DrawGlyphListAA
Event: 1.070 loading class sun/java2d/loops/DrawGlyphListAA done
Event: 1.070 loading class sun/java2d/loops/DrawGlyphListLCD
Event: 1.070 loading class sun/java2d/loops/DrawGlyphListLCD done
Event: 1.070 loading class sun/java2d/loops/TransformHelper
Event: 1.070 Executing VM operation: CollectForMetadataAllocation


Dynamic libraries:
0x00007ff7252f0000 - 0x00007ff725327000 	C:\Program Files\Java\jre1.8.0_251\bin\javaw.exe
0x00007ffe9aa70000 - 0x00007ffe9ac65000 	C:\WINDOWS\SYSTEM32\ntdll.dll
0x00007ffe6f810000 - 0x00007ffe6f826000 	C:\Program Files\Avast Software\Avast\aswhook.dll
0x00007ffe99880000 - 0x00007ffe9993e000 	C:\WINDOWS\System32\KERNEL32.DLL
0x00007ffe985f0000 - 0x00007ffe988b8000 	C:\WINDOWS\System32\KERNELBASE.dll
0x00007ffe98d50000 - 0x00007ffe98dfc000 	C:\WINDOWS\System32\ADVAPI32.dll
0x00007ffe98ec0000 - 0x00007ffe98f5e000 	C:\WINDOWS\System32\msvcrt.dll
0x00007ffe98e10000 - 0x00007ffe98eab000 	C:\WINDOWS\System32\sechost.dll
0x00007ffe9a7e0000 - 0x00007ffe9a90a000 	C:\WINDOWS\System32\RPCRT4.dll
0x00007ffe995b0000 - 0x00007ffe99751000 	C:\WINDOWS\System32\USER32.dll
0x00007ffe982f0000 - 0x00007ffe98312000 	C:\WINDOWS\System32\win32u.dll
0x00007ffe99850000 - 0x00007ffe9987b000 	C:\WINDOWS\System32\GDI32.dll
0x00007ffe98420000 - 0x00007ffe9852b000 	C:\WINDOWS\System32\gdi32full.dll
0x00007ffe98320000 - 0x00007ffe983bd000 	C:\WINDOWS\System32\msvcp_win.dll
0x00007ffe98910000 - 0x00007ffe98a10000 	C:\WINDOWS\System32\ucrtbase.dll
0x00007ffe70960000 - 0x00007ffe70bfa000 	C:\WINDOWS\WinSxS\amd64_microsoft.windows.common-controls_6595b64144ccf1df_6.0.19041.1110_none_60b5254171f9507e\COMCTL32.dll
0x00007ffe99940000 - 0x00007ffe99970000 	C:\WINDOWS\System32\IMM32.DLL
0x000000005ce00000 - 0x000000005ced2000 	C:\Program Files\Java\jre1.8.0_251\bin\msvcr100.dll
0x000000005c4c0000 - 0x000000005cd6b000 	C:\Program Files\Java\jre1.8.0_251\bin\server\jvm.dll
0x00007ffe98d40000 - 0x00007ffe98d48000 	C:\WINDOWS\System32\PSAPI.DLL
0x00007ffe881f0000 - 0x00007ffe881fa000 	C:\WINDOWS\SYSTEM32\VERSION.dll
0x00007ffe6fec0000 - 0x00007ffe6fee7000 	C:\WINDOWS\SYSTEM32\WINMM.dll
0x00007ffe806d0000 - 0x00007ffe806d9000 	C:\WINDOWS\SYSTEM32\WSOCK32.dll
0x00007ffe9a910000 - 0x00007ffe9a97b000 	C:\WINDOWS\System32\WS2_32.dll
0x00007ffe91f60000 - 0x00007ffe91f6f000 	C:\Program Files\Java\jre1.8.0_251\bin\verify.dll
0x00007ffe8ea00000 - 0x00007ffe8ea29000 	C:\Program Files\Java\jre1.8.0_251\bin\java.dll
0x00007ffe8d140000 - 0x00007ffe8d156000 	C:\Program Files\Java\jre1.8.0_251\bin\zip.dll
0x00007ffe9a040000 - 0x00007ffe9a77f000 	C:\WINDOWS\System32\SHELL32.dll
0x00007ffe95c40000 - 0x00007ffe963d0000 	C:\WINDOWS\SYSTEM32\windows.storage.dll
0x00007ffe99ce0000 - 0x00007ffe9a035000 	C:\WINDOWS\System32\combase.dll
0x00007ffe97b70000 - 0x00007ffe97b9e000 	C:\WINDOWS\SYSTEM32\Wldp.dll
0x00007ffe9a980000 - 0x00007ffe9aa2d000 	C:\WINDOWS\System32\SHCORE.dll
0x00007ffe98c80000 - 0x00007ffe98cd5000 	C:\WINDOWS\System32\shlwapi.dll
0x00007ffe980d0000 - 0x00007ffe980ef000 	C:\WINDOWS\SYSTEM32\profapi.dll
0x00007ffe695f0000 - 0x00007ffe6978a000 	C:\Program Files\Java\jre1.8.0_251\bin\awt.dll
0x00007ffe99780000 - 0x00007ffe9984d000 	C:\WINDOWS\System32\OLEAUT32.dll
0x00007ffe91fb0000 - 0x00007ffe92040000 	C:\WINDOWS\SYSTEM32\apphelp.dll
0x00007ffe92380000 - 0x00007ffe923af000 	C:\WINDOWS\system32\DWMAPI.DLL
0x00007ffe92140000 - 0x00007ffe921de000 	C:\WINDOWS\system32\uxtheme.dll
0x00007ffe80390000 - 0x00007ffe804b5000 	C:\WINDOWS\system32\opengl32.dll
0x00007ffe85c30000 - 0x00007ffe85c5c000 	C:\WINDOWS\SYSTEM32\GLU32.dll
0x00007ffe99490000 - 0x00007ffe995a5000 	C:\WINDOWS\System32\MSCTF.dll
0x00007ffe98ac0000 - 0x00007ffe98bea000 	C:\WINDOWS\System32\ole32.dll
0x00007ffe96d90000 - 0x00007ffe96da2000 	C:\WINDOWS\SYSTEM32\kernel.appcore.dll
0x00007ffe98530000 - 0x00007ffe985b3000 	C:\WINDOWS\System32\bcryptPrimitives.dll

VM Arguments:
jvm_args: -Dfile.encoding=Cp1252 
java_command: SubMenu.Cadastro_Funcionario
java_class_path (initial): C:\Users\WILSON\eclipse-workspace\ES2\bin
Launcher Type: SUN_STANDARD

Environment Variables:
PATH=C:/Program Files/Java/jre1.8.0_251/bin/server;C:/Program Files/Java/jre1.8.0_251/bin;C:/Program Files/Java/jre1.8.0_251/lib/amd64;C:\Program Files\Common Files\Oracle\Java\javapath;C:\Program Files (x86)\Common Files\Oracle\Java\javapath;C:\WINDOWS\system32;C:\WINDOWS;C:\WINDOWS\System32\Wbem;C:\WINDOWS\System32\WindowsPowerShell\v1.0\;C:\Program Files\Microsoft\Web Platform Installer\;C:\Program Files (x86)\PowerShell\7\;C:\Program Files\nodejs\;C:\WINDOWS\System32\OpenSSH\;C:\Users\WILSON\AppData\Local\Microsoft\WindowsApps;;C:\Users\WILSON\AppData\Local\Programs\Microsoft VS Code\bin;C:\Users\WILSON\AppData\Roaming\npm;C:\eclipse;
USERNAME=WILSON
OS=Windows_NT
PROCESSOR_IDENTIFIER=Intel64 Family 6 Model 142 Stepping 9, GenuineIntel



---------------  S Y S T E M  ---------------

OS: Windows 10.0 , 64 bit Build 19041 (10.0.19041.1348)

CPU:total 4 (initial active 4) (2 cores per cpu, 2 threads per core) family 6 model 142 stepping 9, cmov, cx8, fxsr, mmx, sse, sse2, sse3, ssse3, sse4.1, sse4.2, popcnt, avx, avx2, aes, clmul, erms, 3dnowpref, lzcnt, ht, tsc, tscinvbit, bmi1, bmi2, adx

Memory: 4k page, physical 4070616k(325596k free), swap 16653528k(876k free)

vm_info: Java HotSpot(TM) 64-Bit Server VM (25.251-b08) for windows-amd64 JRE (1.8.0_251-b08), built on Mar 12 2020 06:31:49 by "" with MS VC++ 10.0 (VS2010)

time: Fri Jan 21 16:26:12 2022
timezone: Dateline Standard Time
elapsed time: 2 seconds (0d 0h 0m 2s)

