#
# There is insufficient memory for the Java Runtime Environment to continue.
# Native memory allocation (malloc) failed to allocate 1048576 bytes for AllocateHeap
# Possible reasons:
#   The system is out of physical RAM or swap space
#   The process is running with CompressedOops enabled, and the Java Heap may be blocking the growth of the native heap
# Possible solutions:
#   Reduce memory load on the system
#   Increase physical memory or swap space
#   Check if swap backing store is full
#   Decrease Java heap size (-Xmx/-Xms)
#   Decrease number of Java threads
#   Decrease Java thread stack sizes (-Xss)
#   Set larger code cache with -XX:ReservedCodeCacheSize=
#   JVM is running with Unscaled Compressed Oops mode in which the Java heap is
#     placed in the first 4GB address space. The Java Heap base address is the
#     maximum limit for the native heap growth. Please use -XX:HeapBaseMinAddress
#     to set the Java Heap base and to place the Java Heap above 4GB virtual address.
# This output file may be truncated or incomplete.
#
#  Out of Memory Error (memory/allocation.inline.hpp:61), pid=22348, tid=0x000000000000579c
#
# JRE version:  (8.0_251-b08) (build )
# Java VM: Java HotSpot(TM) 64-Bit Server VM (25.251-b08 mixed mode windows-amd64 compressed oops)
# Failed to write core dump. Minidumps are not enabled by default on client versions of Windows
#

---------------  T H R E A D  ---------------

Current thread (0x000000000232e000):  JavaThread "Unknown thread" [_thread_in_vm, id=22428, stack(0x0000000002330000,0x0000000002430000)]

Stack: [0x0000000002330000,0x0000000002430000]
[error occurred during error reporting (printing stack bounds), id 0xc0000005]

Native frames: (J=compiled Java code, j=interpreted, Vv=VM code, C=native code)


---------------  P R O C E S S  ---------------

Java Threads: ( => current thread )

Other Threads:

=>0x000000000232e000 (exited) JavaThread "Unknown thread" [_thread_in_vm, id=22428, stack(0x0000000002330000,0x0000000002430000)]

VM state:not at safepoint (normal execution)

VM Mutex/Monitor currently owned by a thread: None

heap address: 0x00000000c1e00000, size: 994 MB, Compressed Oops mode: 32-bit
Narrow klass base: 0x0000000000000000, Narrow klass shift: 3
Compressed class space size: 1073741824 Address: 0x0000000100000000

Heap:
 PSYoungGen      total 18944K, used 327K [0x00000000eb500000, 0x00000000eca00000, 0x0000000100000000)
  eden space 16384K, 2% used [0x00000000eb500000,0x00000000eb551ec8,0x00000000ec500000)
  from space 2560K, 0% used [0x00000000ec780000,0x00000000ec780000,0x00000000eca00000)
  to   space 2560K, 0% used [0x00000000ec500000,0x00000000ec500000,0x00000000ec780000)
 ParOldGen       total 44032K, used 0K [0x00000000c1e00000, 0x00000000c4900000, 0x00000000eb500000)
  object space 44032K, 0% used [0x00000000c1e00000,0x00000000c1e00000,0x00000000c4900000)
 Metaspace       used 752K, capacity 4480K, committed 4480K, reserved 1056768K
  class space    used 76K, capacity 384K, committed 384K, reserved 1048576K

Card table byte_map: [0x0000000011920000,0x0000000011b20000] byte_map_base: 0x0000000011311000

Marking Bits: (ParMarkBitMap*) 0x000000005cceaf90
 Begin Bits: [0x0000000012070000, 0x0000000012ff8000)
 End Bits:   [0x0000000012ff8000, 0x0000000013f80000)

Polling page: 0x0000000000ca0000

CodeCache: size=245760Kb used=328Kb max_used=328Kb free=245431Kb
 bounds [0x0000000002560000, 0x00000000027d0000, 0x0000000011560000]
 total_blobs=58 nmethods=0 adapters=38
 compilation: enabled

Compilation events (0 events):
No events

GC Heap History (0 events):
No events

Deoptimization events (0 events):
No events

Classes redefined (0 events):
No events

Internal exceptions (0 events):
No events

Events (10 events):
Event: 0.035 loading class java/lang/Short
Event: 0.035 loading class java/lang/Short done
Event: 0.035 loading class java/lang/Integer
Event: 0.035 loading class java/lang/Integer done
Event: 0.035 loading class java/lang/Long
Event: 0.035 loading class java/lang/Long done
Event: 0.036 loading class java/lang/NullPointerException
Event: 0.036 loading class java/lang/NullPointerException done
Event: 0.036 loading class java/lang/ArithmeticException
Event: 0.036 loading class java/lang/ArithmeticException done


Dynamic libraries:
0x00007ff7252f0000 - 0x00007ff725327000 	C:\Program Files\Java\jre1.8.0_251\bin\javaw.exe
0x00007ffe9aa70000 - 0x00007ffe9ac65000 	C:\WINDOWS\SYSTEM32\ntdll.dll
0x00007ffe6f810000 - 0x00007ffe6f826000 	C:\Program Files\Avast Software\Avast\aswhook.dll
0x00007ffe99880000 - 0x00007ffe9993e000 	C:\WINDOWS\System32\KERNEL32.DLL
0x00007ffe985f0000 - 0x00007ffe988b8000 	C:\WINDOWS\System32\KERNELBASE.dll
0x00007ffe98d50000 - 0x00007ffe98dfc000 	C:\WINDOWS\System32\ADVAPI32.dll
0x00007ffe98ec0000 - 0x00007ffe98f5e000 	C:\WINDOWS\System32\msvcrt.dll
0x00007ffe98e10000 - 0x00007ffe98eab000 	C:\WINDOWS\System32\sechost.dll
0x00007ffe9a7e0000 - 0x00007ffe9a90a000 	C:\WINDOWS\System32\RPCRT4.dll
0x00007ffe995b0000 - 0x00007ffe99751000 	C:\WINDOWS\System32\USER32.dll
0x00007ffe982f0000 - 0x00007ffe98312000 	C:\WINDOWS\System32\win32u.dll
0x00007ffe99850000 - 0x00007ffe9987b000 	C:\WINDOWS\System32\GDI32.dll
0x00007ffe98420000 - 0x00007ffe9852b000 	C:\WINDOWS\System32\gdi32full.dll
0x00007ffe98320000 - 0x00007ffe983bd000 	C:\WINDOWS\System32\msvcp_win.dll
0x00007ffe98910000 - 0x00007ffe98a10000 	C:\WINDOWS\System32\ucrtbase.dll
0x00007ffe70960000 - 0x00007ffe70bfa000 	C:\WINDOWS\WinSxS\amd64_microsoft.windows.common-controls_6595b64144ccf1df_6.0.19041.1110_none_60b5254171f9507e\COMCTL32.dll
0x00007ffe99940000 - 0x00007ffe99970000 	C:\WINDOWS\System32\IMM32.DLL
0x000000005ce00000 - 0x000000005ced2000 	C:\Program Files\Java\jre1.8.0_251\bin\msvcr100.dll
0x000000005c4c0000 - 0x000000005cd6b000 	C:\Program Files\Java\jre1.8.0_251\bin\server\jvm.dll
0x00007ffe98d40000 - 0x00007ffe98d48000 	C:\WINDOWS\System32\PSAPI.DLL
0x00007ffe806d0000 - 0x00007ffe806d9000 	C:\WINDOWS\SYSTEM32\WSOCK32.dll
0x00007ffe6fec0000 - 0x00007ffe6fee7000 	C:\WINDOWS\SYSTEM32\WINMM.dll
0x00007ffe9a910000 - 0x00007ffe9a97b000 	C:\WINDOWS\System32\WS2_32.dll
0x00007ffe881f0000 - 0x00007ffe881fa000 	C:\WINDOWS\SYSTEM32\VERSION.dll
0x00007ffe91f60000 - 0x00007ffe91f6f000 	C:\Program Files\Java\jre1.8.0_251\bin\verify.dll
0x00007ffe8ea00000 - 0x00007ffe8ea29000 	C:\Program Files\Java\jre1.8.0_251\bin\java.dll
0x00007ffe8d140000 - 0x00007ffe8d156000 	C:\Program Files\Java\jre1.8.0_251\bin\zip.dll

VM Arguments:
jvm_args: -Dfile.encoding=Cp1252 
java_command: SubMenu.Cadastro_Funcionario
java_class_path (initial): C:\Users\WILSON\eclipse-workspace\ES2\bin
Launcher Type: SUN_STANDARD

Environment Variables:
PATH=C:/Program Files/Java/jre1.8.0_251/bin/server;C:/Program Files/Java/jre1.8.0_251/bin;C:/Program Files/Java/jre1.8.0_251/lib/amd64;C:\Program Files\Common Files\Oracle\Java\javapath;C:\Program Files (x86)\Common Files\Oracle\Java\javapath;C:\WINDOWS\system32;C:\WINDOWS;C:\WINDOWS\System32\Wbem;C:\WINDOWS\System32\WindowsPowerShell\v1.0\;C:\Program Files\Microsoft\Web Platform Installer\;C:\Program Files (x86)\PowerShell\7\;C:\Program Files\nodejs\;C:\WINDOWS\System32\OpenSSH\;C:\Users\WILSON\AppData\Local\Microsoft\WindowsApps;;C:\Users\WILSON\AppData\Local\Programs\Microsoft VS Code\bin;C:\Users\WILSON\AppData\Roaming\npm;C:\eclipse;
USERNAME=WILSON
OS=Windows_NT
PROCESSOR_IDENTIFIER=Intel64 Family 6 Model 142 Stepping 9, GenuineIntel



---------------  S Y S T E M  ---------------

OS: Windows 10.0 , 64 bit Build 19041 (10.0.19041.1348)

CPU:total 4 (initial active 4) (2 cores per cpu, 2 threads per core) family 6 model 142 stepping 9, cmov, cx8, fxsr, mmx, sse, sse2, sse3, ssse3, sse4.1, sse4.2, popcnt, avx, avx2, aes, clmul, erms, 3dnowpref, lzcnt, ht, tsc, tscinvbit, bmi1, bmi2, adx

Memory: 4k page, physical 4070616k(310676k free), swap 16653528k(4624k free)

vm_info: Java HotSpot(TM) 64-Bit Server VM (25.251-b08) for windows-amd64 JRE (1.8.0_251-b08), built on Mar 12 2020 06:31:49 by "" with MS VC++ 10.0 (VS2010)

time: Fri Jan 21 16:29:14 2022
timezone: Dateline Standard Time
elapsed time: 0 seconds (0d 0h 0m 0s)

